<?xml version="1.0" encoding="UTF-8"?>
<!-- Generated by org.testng.reporters.JUnitXMLReporter -->
<testsuite ignored="0" hostname="LIN19003764" failures="0" tests="8" name="Test" time="115.269" errors="0" timestamp="2024-01-27T12:21:01 IST">
  <testcase classname="testCases.TC_01_WebSite_Launch" name="verify_homepage" time="0.719"/>
  <testcase classname="testCases.TC_02_ValidSearchProduct" name="verify_validsearch" time="3.974"/>
  <testcase classname="testCases.TC_03_InvalidSearchProduct" name="verify_invalidsearch" time="3.349"/>
  <testcase classname="testCases.TC_04_FilterBySwitch" name="verify_filterby" time="6.412"/>
  <testcase classname="testCases.TC_05_ClearFilter" name="verify_clearfilterby" time="8.213"/>
  <testcase classname="testCases.TC_06_AddtoCard" name="verify_addtocard" time="7.845"/>
  <testcase classname="testCases.TC_06_AddtoCard" name="verify_addtocard2" time="7.248"/>
  <testcase classname="testCases.TC_07_RemovefromCart" name="verify_removefromcart" time="9.13"/>
</testsuite> <!-- Test -->
